<?xml version="1.0" encoding="UTF-8"?>
<testsuites>
  <testsuite name="/home/federico/Desktop/Inase/seed_lab/phpunit.xml.dist" tests="44" assertions="99" errors="0" failures="0" skipped="0" time="6.850163">
    <testsuite name="App Test Suite" tests="44" assertions="99" errors="0" failures="0" skipped="0" time="6.850163">
      <testsuite name="App\Test\TestCase\ApplicationTest" file="/home/federico/Desktop/Inase/seed_lab/tests/TestCase/ApplicationTest.php" tests="3" assertions="7" errors="0" failures="0" skipped="0" time="0.007518">
        <testcase name="testBootstrap" file="/home/federico/Desktop/Inase/seed_lab/tests/TestCase/ApplicationTest.php" line="40" class="App\Test\TestCase\ApplicationTest" classname="App.Test.TestCase.ApplicationTest" assertions="3" time="0.004342"/>
        <testcase name="testBootstrapInDebug" file="/home/federico/Desktop/Inase/seed_lab/tests/TestCase/ApplicationTest.php" line="57" class="App\Test\TestCase\ApplicationTest" classname="App.Test.TestCase.ApplicationTest" assertions="1" time="0.000760"/>
        <testcase name="testMiddleware" file="/home/federico/Desktop/Inase/seed_lab/tests/TestCase/ApplicationTest.php" line="72" class="App\Test\TestCase\ApplicationTest" classname="App.Test.TestCase.ApplicationTest" assertions="3" time="0.002416"/>
      </testsuite>
      <testsuite name="App\Test\TestCase\Controller\MuestrasControllerTest" file="/home/federico/Desktop/Inase/seed_lab/tests/TestCase/Controller/MuestrasControllerTest.php" tests="9" assertions="28" errors="0" failures="0" skipped="0" time="1.631283">
        <testcase name="testIndexMuestraTodas" file="/home/federico/Desktop/Inase/seed_lab/tests/TestCase/Controller/MuestrasControllerTest.php" line="22" class="App\Test\TestCase\Controller\MuestrasControllerTest" classname="App.Test.TestCase.Controller.MuestrasControllerTest" assertions="3" time="0.211048"/>
        <testcase name="testVerDetalleConIdValido" file="/home/federico/Desktop/Inase/seed_lab/tests/TestCase/Controller/MuestrasControllerTest.php" line="31" class="App\Test\TestCase\Controller\MuestrasControllerTest" classname="App.Test.TestCase.Controller.MuestrasControllerTest" assertions="3" time="0.168290"/>
        <testcase name="testCrearMuestraNuevaGeneraCodigo" file="/home/federico/Desktop/Inase/seed_lab/tests/TestCase/Controller/MuestrasControllerTest.php" line="40" class="App\Test\TestCase\Controller\MuestrasControllerTest" classname="App.Test.TestCase.Controller.MuestrasControllerTest" assertions="4" time="0.182026"/>
        <testcase name="testEditarActualizaFecha" file="/home/federico/Desktop/Inase/seed_lab/tests/TestCase/Controller/MuestrasControllerTest.php" line="59" class="App\Test\TestCase\Controller\MuestrasControllerTest" classname="App.Test.TestCase.Controller.MuestrasControllerTest" assertions="4" time="0.176335"/>
        <testcase name="testEliminarMuestraYResultadosEnCascada" file="/home/federico/Desktop/Inase/seed_lab/tests/TestCase/Controller/MuestrasControllerTest.php" line="77" class="App\Test\TestCase\Controller\MuestrasControllerTest" classname="App.Test.TestCase.Controller.MuestrasControllerTest" assertions="4" time="0.163877"/>
        <testcase name="testReporteModoResumenSoloUltimoResultado" file="/home/federico/Desktop/Inase/seed_lab/tests/TestCase/Controller/MuestrasControllerTest.php" line="91" class="App\Test\TestCase\Controller\MuestrasControllerTest" classname="App.Test.TestCase.Controller.MuestrasControllerTest" assertions="4" time="0.208284"/>
        <testcase name="testReporteFiltradoPorEspecie" file="/home/federico/Desktop/Inase/seed_lab/tests/TestCase/Controller/MuestrasControllerTest.php" line="111" class="App\Test\TestCase\Controller\MuestrasControllerTest" classname="App.Test.TestCase.Controller.MuestrasControllerTest" assertions="2" time="0.175057"/>
        <testcase name="testReporteOrdenamientoPorCodigo" file="/home/federico/Desktop/Inase/seed_lab/tests/TestCase/Controller/MuestrasControllerTest.php" line="120" class="App\Test\TestCase\Controller\MuestrasControllerTest" classname="App.Test.TestCase.Controller.MuestrasControllerTest" assertions="2" time="0.181243"/>
        <testcase name="testReporteFiltroFechasMuestra" file="/home/federico/Desktop/Inase/seed_lab/tests/TestCase/Controller/MuestrasControllerTest.php" line="128" class="App\Test\TestCase\Controller\MuestrasControllerTest" classname="App.Test.TestCase.Controller.MuestrasControllerTest" assertions="2" time="0.165123"/>
      </testsuite>
      <testsuite name="App\Test\TestCase\Controller\PagesControllerTest" file="/home/federico/Desktop/Inase/seed_lab/tests/TestCase/Controller/PagesControllerTest.php" tests="4" assertions="9" errors="0" failures="0" skipped="0" time="0.685144">
        <testcase name="testHomeMuestraEstadisticas" file="/home/federico/Desktop/Inase/seed_lab/tests/TestCase/Controller/PagesControllerTest.php" line="15" class="App\Test\TestCase\Controller\PagesControllerTest" classname="App.Test.TestCase.Controller.PagesControllerTest" assertions="3" time="0.172236"/>
        <testcase name="testHomeCalculaEstadisticasCorrectamente" file="/home/federico/Desktop/Inase/seed_lab/tests/TestCase/Controller/PagesControllerTest.php" line="24" class="App\Test\TestCase\Controller\PagesControllerTest" classname="App.Test.TestCase.Controller.PagesControllerTest" assertions="2" time="0.170373"/>
        <testcase name="testHomeTieneLinkAMuestras" file="/home/federico/Desktop/Inase/seed_lab/tests/TestCase/Controller/PagesControllerTest.php" line="35" class="App\Test\TestCase\Controller\PagesControllerTest" classname="App.Test.TestCase.Controller.PagesControllerTest" assertions="2" time="0.178379"/>
        <testcase name="testHomeTieneLinkAReportes" file="/home/federico/Desktop/Inase/seed_lab/tests/TestCase/Controller/PagesControllerTest.php" line="43" class="App\Test\TestCase\Controller\PagesControllerTest" classname="App.Test.TestCase.Controller.PagesControllerTest" assertions="2" time="0.164156"/>
      </testsuite>
      <testsuite name="App\Test\TestCase\Controller\ResultadosControllerTest" file="/home/federico/Desktop/Inase/seed_lab/tests/TestCase/Controller/ResultadosControllerTest.php" tests="5" assertions="11" errors="0" failures="0" skipped="0" time="0.891321">
        <testcase name="testAgregarResultadoConDatosValidos" file="/home/federico/Desktop/Inase/seed_lab/tests/TestCase/Controller/ResultadosControllerTest.php" line="22" class="App\Test\TestCase\Controller\ResultadosControllerTest" classname="App.Test.TestCase.Controller.ResultadosControllerTest" assertions="3" time="0.174746"/>
        <testcase name="testEditarResultadoExistente" file="/home/federico/Desktop/Inase/seed_lab/tests/TestCase/Controller/ResultadosControllerTest.php" line="41" class="App\Test\TestCase\Controller\ResultadosControllerTest" classname="App.Test.TestCase.Controller.ResultadosControllerTest" assertions="3" time="0.182869"/>
        <testcase name="testEliminarResultadoVuelveADetalleMuestra" file="/home/federico/Desktop/Inase/seed_lab/tests/TestCase/Controller/ResultadosControllerTest.php" line="59" class="App\Test\TestCase\Controller\ResultadosControllerTest" classname="App.Test.TestCase.Controller.ResultadosControllerTest" assertions="2" time="0.184466"/>
        <testcase name="testRefererHomeRedirigeCorrectamente" file="/home/federico/Desktop/Inase/seed_lab/tests/TestCase/Controller/ResultadosControllerTest.php" line="66" class="App\Test\TestCase\Controller\ResultadosControllerTest" classname="App.Test.TestCase.Controller.ResultadosControllerTest" assertions="2" time="0.177355"/>
        <testcase name="testConversionFechaFormatoDMY" file="/home/federico/Desktop/Inase/seed_lab/tests/TestCase/Controller/ResultadosControllerTest.php" line="77" class="App\Test\TestCase\Controller\ResultadosControllerTest" classname="App.Test.TestCase.Controller.ResultadosControllerTest" assertions="1" time="0.171885"/>
      </testsuite>
      <testsuite name="App\Test\TestCase\Model\Behavior\CodigoGeneratorBehaviorTest" file="/home/federico/Desktop/Inase/seed_lab/tests/TestCase/Model/Behavior/CodigoGeneratorBehaviorTest.php" tests="5" assertions="7" errors="0" failures="0" skipped="0" time="0.530290">
        <testcase name="testCodigoSeGeneraAutomaticamente" file="/home/federico/Desktop/Inase/seed_lab/tests/TestCase/Model/Behavior/CodigoGeneratorBehaviorTest.php" line="26" class="App\Test\TestCase\Model\Behavior\CodigoGeneratorBehaviorTest" classname="App.Test.TestCase.Model.Behavior.CodigoGeneratorBehaviorTest" assertions="2" time="0.095378"/>
        <testcase name="testFormatoCodigoAñoActual" file="/home/federico/Desktop/Inase/seed_lab/tests/TestCase/Model/Behavior/CodigoGeneratorBehaviorTest.php" line="38" class="App\Test\TestCase\Model\Behavior\CodigoGeneratorBehaviorTest" classname="App.Test.TestCase.Model.Behavior.CodigoGeneratorBehaviorTest" assertions="1" time="0.108575"/>
        <testcase name="testNumeroSecuencialTiene4Digitos" file="/home/federico/Desktop/Inase/seed_lab/tests/TestCase/Model/Behavior/CodigoGeneratorBehaviorTest.php" line="47" class="App\Test\TestCase\Model\Behavior\CodigoGeneratorBehaviorTest" classname="App.Test.TestCase.Model.Behavior.CodigoGeneratorBehaviorTest" assertions="2" time="0.091623"/>
        <testcase name="testSecuenciaIncrementaCorrectamente" file="/home/federico/Desktop/Inase/seed_lab/tests/TestCase/Model/Behavior/CodigoGeneratorBehaviorTest.php" line="59" class="App\Test\TestCase\Model\Behavior\CodigoGeneratorBehaviorTest" classname="App.Test.TestCase.Model.Behavior.CodigoGeneratorBehaviorTest" assertions="1" time="0.099823"/>
        <testcase name="testGenerarMultiplesCodigosSeguidos" file="/home/federico/Desktop/Inase/seed_lab/tests/TestCase/Model/Behavior/CodigoGeneratorBehaviorTest.php" line="74" class="App\Test\TestCase\Model\Behavior\CodigoGeneratorBehaviorTest" classname="App.Test.TestCase.Model.Behavior.CodigoGeneratorBehaviorTest" assertions="1" time="0.134890"/>
      </testsuite>
      <testsuite name="App\Test\TestCase\Model\Table\MuestrasTableTest" file="/home/federico/Desktop/Inase/seed_lab/tests/TestCase/Model/Table/MuestrasTableTest.php" tests="8" assertions="16" errors="0" failures="0" skipped="0" time="1.269232">
        <testcase name="testNumeroPrecintoEsObligatorio" file="/home/federico/Desktop/Inase/seed_lab/tests/TestCase/Model/Table/MuestrasTableTest.php" line="26" class="App\Test\TestCase\Model\Table\MuestrasTableTest" classname="App.Test.TestCase.Model.Table.MuestrasTableTest" assertions="2" time="0.159660"/>
        <testcase name="testPrecintoDuplicadoNoPermitido" file="/home/federico/Desktop/Inase/seed_lab/tests/TestCase/Model/Table/MuestrasTableTest.php" line="36" class="App\Test\TestCase\Model\Table\MuestrasTableTest" classname="App.Test.TestCase.Model.Table.MuestrasTableTest" assertions="2" time="0.153224"/>
        <testcase name="testCantidadNegativaEsRechazada" file="/home/federico/Desktop/Inase/seed_lab/tests/TestCase/Model/Table/MuestrasTableTest.php" line="48" class="App\Test\TestCase\Model\Table\MuestrasTableTest" classname="App.Test.TestCase.Model.Table.MuestrasTableTest" assertions="1" time="0.148074"/>
        <testcase name="testCamposOpcionalesAceptanNull" file="/home/federico/Desktop/Inase/seed_lab/tests/TestCase/Model/Table/MuestrasTableTest.php" line="58" class="App\Test\TestCase\Model\Table\MuestrasTableTest" classname="App.Test.TestCase.Model.Table.MuestrasTableTest" assertions="3" time="0.159099"/>
        <testcase name="testRelacionConResultadosEsCascada" file="/home/federico/Desktop/Inase/seed_lab/tests/TestCase/Model/Table/MuestrasTableTest.php" line="71" class="App\Test\TestCase\Model\Table\MuestrasTableTest" classname="App.Test.TestCase.Model.Table.MuestrasTableTest" assertions="2" time="0.154489"/>
        <testcase name="testLongitudMaximaEmpresa" file="/home/federico/Desktop/Inase/seed_lab/tests/TestCase/Model/Table/MuestrasTableTest.php" line="79" class="App\Test\TestCase\Model\Table\MuestrasTableTest" classname="App.Test.TestCase.Model.Table.MuestrasTableTest" assertions="2" time="0.160094"/>
        <testcase name="testGuardadoCompletoCamposCorrectos" file="/home/federico/Desktop/Inase/seed_lab/tests/TestCase/Model/Table/MuestrasTableTest.php" line="92" class="App\Test\TestCase\Model\Table\MuestrasTableTest" classname="App.Test.TestCase.Model.Table.MuestrasTableTest" assertions="3" time="0.172866"/>
        <testcase name="testPrecintoConCaracteresEspeciales" file="/home/federico/Desktop/Inase/seed_lab/tests/TestCase/Model/Table/MuestrasTableTest.php" line="109" class="App\Test\TestCase\Model\Table\MuestrasTableTest" classname="App.Test.TestCase.Model.Table.MuestrasTableTest" assertions="1" time="0.161724"/>
      </testsuite>
      <testsuite name="App\Test\TestCase\Model\Table\ResultadosTableTest" file="/home/federico/Desktop/Inase/seed_lab/tests/TestCase/Model/Table/ResultadosTableTest.php" tests="10" assertions="21" errors="0" failures="0" skipped="0" time="1.835375">
        <testcase name="testPoderGerminativoMayorA100Rechazado" file="/home/federico/Desktop/Inase/seed_lab/tests/TestCase/Model/Table/ResultadosTableTest.php" line="26" class="App\Test\TestCase\Model\Table\ResultadosTableTest" classname="App.Test.TestCase.Model.Table.ResultadosTableTest" assertions="2" time="0.151651"/>
        <testcase name="testPoderGerminativoNegativoRechazado" file="/home/federico/Desktop/Inase/seed_lab/tests/TestCase/Model/Table/ResultadosTableTest.php" line="37" class="App\Test\TestCase\Model\Table\ResultadosTableTest" classname="App.Test.TestCase.Model.Table.ResultadosTableTest" assertions="1" time="0.162529"/>
        <testcase name="testPurezaFueraRangoSuperior" file="/home/federico/Desktop/Inase/seed_lab/tests/TestCase/Model/Table/ResultadosTableTest.php" line="47" class="App\Test\TestCase\Model\Table\ResultadosTableTest" classname="App.Test.TestCase.Model.Table.ResultadosTableTest" assertions="1" time="0.178224"/>
        <testcase name="testPurezaFueraRangoInferior" file="/home/federico/Desktop/Inase/seed_lab/tests/TestCase/Model/Table/ResultadosTableTest.php" line="57" class="App\Test\TestCase\Model\Table\ResultadosTableTest" classname="App.Test.TestCase.Model.Table.ResultadosTableTest" assertions="1" time="0.156520"/>
        <testcase name="testGuardadoConValoresLimite" file="/home/federico/Desktop/Inase/seed_lab/tests/TestCase/Model/Table/ResultadosTableTest.php" line="67" class="App\Test\TestCase\Model\Table\ResultadosTableTest" classname="App.Test.TestCase.Model.Table.ResultadosTableTest" assertions="3" time="0.184133"/>
        <testcase name="testGuardadoConDecimales" file="/home/federico/Desktop/Inase/seed_lab/tests/TestCase/Model/Table/ResultadosTableTest.php" line="82" class="App\Test\TestCase\Model\Table\ResultadosTableTest" classname="App.Test.TestCase.Model.Table.ResultadosTableTest" assertions="2" time="0.182841"/>
        <testcase name="testCamposOpcionalesNulos" file="/home/federico/Desktop/Inase/seed_lab/tests/TestCase/Model/Table/ResultadosTableTest.php" line="96" class="App\Test\TestCase\Model\Table\ResultadosTableTest" classname="App.Test.TestCase.Model.Table.ResultadosTableTest" assertions="3" time="0.189912"/>
        <testcase name="testRelacionConMuestrasEsInner" file="/home/federico/Desktop/Inase/seed_lab/tests/TestCase/Model/Table/ResultadosTableTest.php" line="109" class="App\Test\TestCase\Model\Table\ResultadosTableTest" classname="App.Test.TestCase.Model.Table.ResultadosTableTest" assertions="2" time="0.173695"/>
        <testcase name="testMuestraIdInexistenteRechazado" file="/home/federico/Desktop/Inase/seed_lab/tests/TestCase/Model/Table/ResultadosTableTest.php" line="117" class="App\Test\TestCase\Model\Table\ResultadosTableTest" classname="App.Test.TestCase.Model.Table.ResultadosTableTest" assertions="2" time="0.188718"/>
        <testcase name="testMismasMuestrasVariosResultados" file="/home/federico/Desktop/Inase/seed_lab/tests/TestCase/Model/Table/ResultadosTableTest.php" line="129" class="App\Test\TestCase\Model\Table\ResultadosTableTest" classname="App.Test.TestCase.Model.Table.ResultadosTableTest" assertions="4" time="0.267151"/>
      </testsuite>
    </testsuite>
  </testsuite>
</testsuites>
